<?xml version="1.0" encoding="UTF-8"?>
<!-- Generated by org.testng.reporters.JUnitReportReporter -->
<testsuite hostname="Mahesh-PC" failures="0" tests="1" name="scripts.DeliveryProduct" time="90.202" errors="0" timestamp="2021-03-26T20:08:44 IST" skipped="0">
  <testcase classname="scripts.DeliveryProduct" name="delivery" time="90.202"/>
</testsuite> <!-- scripts.DeliveryProduct -->
